0 verbose cli /usr/local/bin/node /usr/local/bin/npm
1 info using npm@10.2.5
2 info using node@v20.10.0
3 timing npm:load:whichnode Completed in 1ms
4 timing config:load:defaults Completed in 1ms
5 timing config:load:file:/usr/local/lib/node_modules/npm/npmrc Completed in 0ms
6 timing config:load:builtin Completed in 0ms
7 timing config:load:cli Completed in 2ms
8 timing config:load:env Completed in 0ms
9 timing config:load:project Completed in 1ms
10 timing config:load:file:/home/container/.npmrc Completed in 0ms
11 timing config:load:user Completed in 0ms
12 timing config:load:file:/usr/local/etc/npmrc Completed in 0ms
13 timing config:load:global Completed in 0ms
14 timing config:load:setEnvs Completed in 1ms
15 timing config:load Completed in 7ms
16 timing npm:load:configload Completed in 7ms
17 timing config:load:flatten Completed in 3ms
18 timing npm:load:mkdirpcache Completed in 0ms
19 timing npm:load:mkdirplogs Completed in 0ms
20 verbose title npm install
21 verbose argv "install"
22 timing npm:load:setTitle Completed in 0ms
23 timing npm:load:display Completed in 1ms
24 verbose logfile logs-max:10 dir:/home/container/.npm/_logs/2024-01-13T23_44_09_769Z-
25 verbose logfile /home/container/.npm/_logs/2024-01-13T23_44_09_769Z-debug-0.log
26 timing npm:load:logFile Completed in 8ms
27 timing npm:load:timers Completed in 0ms
28 timing npm:load:configScope Completed in 0ms
29 timing npm:load Completed in 33ms
30 timing arborist:ctor Completed in 1ms
31 silly logfile done cleaning log files
32 timing idealTree:init Completed in 36ms
33 timing idealTree:userRequests Completed in 0ms
34 silly idealTree buildDeps
35 timing idealTree:#root Completed in 1ms
36 timing idealTree:buildDeps Completed in 1ms
37 timing idealTree:fixDepFlags Completed in 0ms
38 timing idealTree Completed in 39ms
39 timing reify:loadTrees Completed in 43ms
40 timing reify:diffTrees Completed in 1ms
41 silly reify moves {}
42 timing reify:retireShallow Completed in 1ms
43 timing reify:createSparse Completed in 9ms
44 timing reify:loadBundles Completed in 0ms
45 silly audit bulk request {
45 silly audit   '@derockdev/discord-components-core': [ '3.6.1' ],
45 silly audit   '@derockdev/discord-components-react': [ '3.6.1' ],
45 silly audit   '@discordjs/builders': [ '1.7.0' ],
45 silly audit   '@discordjs/collection': [ '1.5.3', '2.0.0' ],
45 silly audit   '@discordjs/formatters': [ '0.3.3' ],
45 silly audit   '@discordjs/rest': [ '2.2.0' ],
45 silly audit   '@discordjs/util': [ '1.0.2' ],
45 silly audit   '@discordjs/ws': [ '1.0.2' ],
45 silly audit   '@fastify/busboy': [ '2.1.0' ],
45 silly audit   '@sapphire/async-queue': [ '1.5.1' ],
45 silly audit   '@sapphire/shapeshift': [ '3.9.5' ],
45 silly audit   '@sapphire/snowflake': [ '3.5.1' ],
45 silly audit   '@stencil/core': [ '3.4.2' ],
45 silly audit   '@types/node': [ '20.11.0' ],
45 silly audit   '@types/prop-types': [ '15.7.11' ],
45 silly audit   '@types/react': [ '18.2.47' ],
45 silly audit   '@types/scheduler': [ '0.16.8' ],
45 silly audit   '@types/ws': [ '8.5.9' ],
45 silly audit   '@vladfrangu/async_event_emitter': [ '2.2.4' ],
45 silly audit   clsx: [ '1.2.1' ],
45 silly audit   csstype: [ '3.1.3' ],
45 silly audit   'discord-api-types': [ '0.37.61' ],
45 silly audit   'discord-html-transcripts': [ '3.2.0' ],
45 silly audit   'discord-markdown-parser': [ '1.1.0' ],
45 silly audit   'discord.js': [ '14.14.1' ],
45 silly audit   'fast-deep-equal': [ '3.1.3' ],
45 silly audit   'fs-extra': [ '8.1.0' ],
45 silly audit   jsonfile: [ '4.0.0', '5.0.0' ],
45 silly audit   'graceful-fs': [ '4.2.11' ],
45 silly audit   'hex-to-rgba': [ '2.0.1' ],
45 silly audit   'highlight.js': [ '11.9.0' ],
45 silly audit   'js-tokens': [ '4.0.0' ],
45 silly audit   lodash: [ '4.17.21' ],
45 silly audit   'lodash.snakecase': [ '4.1.1' ],
45 silly audit   'loose-envify': [ '1.4.0' ],
45 silly audit   'magic-bytes.js': [ '1.8.0' ],
45 silly audit   react: [ '18.2.0' ],
45 silly audit   'react-dom': [ '18.2.0' ],
45 silly audit   scheduler: [ '0.23.0' ],
45 silly audit   'simple-markdown': [ '0.7.3' ],
45 silly audit   'ts-mixer': [ '6.0.3' ],
45 silly audit   tslib: [ '2.6.2' ],
45 silly audit   twemoji: [ '14.0.2' ],
45 silly audit   'twemoji-parser': [ '14.0.0' ],
45 silly audit   undici: [ '5.27.2' ],
45 silly audit   'undici-types': [ '5.26.5' ],
45 silly audit   universalify: [ '0.1.2' ],
45 silly audit   ws: [ '8.14.2' ]
45 silly audit }
46 http fetch GET 200 https://registry.npmjs.org/npm 188ms
47 silly tarball no local data for ws@https://registry.npmjs.org/ws/-/ws-8.14.2.tgz. Extracting by manifest.
48 silly tarball no local data for universalify@https://registry.npmjs.org/universalify/-/universalify-0.1.2.tgz. Extracting by manifest.
49 silly tarball no local data for undici-types@https://registry.npmjs.org/undici-types/-/undici-types-5.26.5.tgz. Extracting by manifest.
50 silly tarball no local data for undici@https://registry.npmjs.org/undici/-/undici-5.27.2.tgz. Extracting by manifest.
51 silly tarball no local data for twemoji-parser@https://registry.npmjs.org/twemoji-parser/-/twemoji-parser-14.0.0.tgz. Extracting by manifest.
52 silly tarball no local data for ts-mixer@https://registry.npmjs.org/ts-mixer/-/ts-mixer-6.0.3.tgz. Extracting by manifest.
53 silly tarball no local data for simple-markdown@https://registry.npmjs.org/simple-markdown/-/simple-markdown-0.7.3.tgz. Extracting by manifest.
54 silly tarball no local data for scheduler@https://registry.npmjs.org/scheduler/-/scheduler-0.23.0.tgz. Extracting by manifest.
55 silly tarball no local data for react-dom@https://registry.npmjs.org/react-dom/-/react-dom-18.2.0.tgz. Extracting by manifest.
56 silly tarball no local data for tslib@https://registry.npmjs.org/tslib/-/tslib-2.6.2.tgz. Extracting by manifest.
57 silly tarball no local data for react@https://registry.npmjs.org/react/-/react-18.2.0.tgz. Extracting by manifest.
58 silly tarball no local data for magic-bytes.js@https://registry.npmjs.org/magic-bytes.js/-/magic-bytes.js-1.8.0.tgz. Extracting by manifest.
59 silly tarball no local data for lodash.snakecase@https://registry.npmjs.org/lodash.snakecase/-/lodash.snakecase-4.1.1.tgz. Extracting by manifest.
60 silly tarball no local data for twemoji@https://registry.npmjs.org/twemoji/-/twemoji-14.0.2.tgz. Extracting by manifest.
61 silly tarball no local data for lodash@https://registry.npmjs.org/lodash/-/lodash-4.17.21.tgz. Extracting by manifest.
62 silly tarball no local data for jsonfile@https://registry.npmjs.org/jsonfile/-/jsonfile-5.0.0.tgz. Extracting by manifest.
63 silly tarball no local data for js-tokens@https://registry.npmjs.org/js-tokens/-/js-tokens-4.0.0.tgz. Extracting by manifest.
64 silly tarball no local data for highlight.js@https://registry.npmjs.org/highlight.js/-/highlight.js-11.9.0.tgz. Extracting by manifest.
65 silly tarball no local data for hex-to-rgba@https://registry.npmjs.org/hex-to-rgba/-/hex-to-rgba-2.0.1.tgz. Extracting by manifest.
66 silly tarball no local data for loose-envify@https://registry.npmjs.org/loose-envify/-/loose-envify-1.4.0.tgz. Extracting by manifest.
67 silly tarball no local data for graceful-fs@https://registry.npmjs.org/graceful-fs/-/graceful-fs-4.2.11.tgz. Extracting by manifest.
68 silly tarball no local data for fs-extra@https://registry.npmjs.org/fs-extra/-/fs-extra-8.1.0.tgz. Extracting by manifest.
69 silly tarball no local data for fast-deep-equal@https://registry.npmjs.org/fast-deep-equal/-/fast-deep-equal-3.1.3.tgz. Extracting by manifest.
70 silly tarball no local data for discord.js@https://registry.npmjs.org/discord.js/-/discord.js-14.14.1.tgz. Extracting by manifest.
71 silly tarball no local data for discord-api-types@https://registry.npmjs.org/discord-api-types/-/discord-api-types-0.37.61.tgz. Extracting by manifest.
72 silly tarball no local data for discord-html-transcripts@https://registry.npmjs.org/discord-html-transcripts/-/discord-html-transcripts-3.2.0.tgz. Extracting by manifest.
73 silly tarball no local data for csstype@https://registry.npmjs.org/csstype/-/csstype-3.1.3.tgz. Extracting by manifest.
74 silly tarball no local data for discord-markdown-parser@https://registry.npmjs.org/discord-markdown-parser/-/discord-markdown-parser-1.1.0.tgz. Extracting by manifest.
75 silly tarball no local data for clsx@https://registry.npmjs.org/clsx/-/clsx-1.2.1.tgz. Extracting by manifest.
76 silly tarball no local data for @vladfrangu/async_event_emitter@https://registry.npmjs.org/@vladfrangu/async_event_emitter/-/async_event_emitter-2.2.4.tgz. Extracting by manifest.
77 silly tarball no local data for @types/ws@https://registry.npmjs.org/@types/ws/-/ws-8.5.9.tgz. Extracting by manifest.
78 silly tarball no local data for @types/react@https://registry.npmjs.org/@types/react/-/react-18.2.47.tgz. Extracting by manifest.
79 silly tarball no local data for @types/scheduler@https://registry.npmjs.org/@types/scheduler/-/scheduler-0.16.8.tgz. Extracting by manifest.
80 silly tarball no local data for @types/prop-types@https://registry.npmjs.org/@types/prop-types/-/prop-types-15.7.11.tgz. Extracting by manifest.
81 silly tarball no local data for @types/node@https://registry.npmjs.org/@types/node/-/node-20.11.0.tgz. Extracting by manifest.
82 silly tarball no local data for @stencil/core@https://registry.npmjs.org/@stencil/core/-/core-3.4.2.tgz. Extracting by manifest.
83 silly tarball no local data for @sapphire/snowflake@https://registry.npmjs.org/@sapphire/snowflake/-/snowflake-3.5.1.tgz. Extracting by manifest.
84 silly tarball no local data for @sapphire/async-queue@https://registry.npmjs.org/@sapphire/async-queue/-/async-queue-1.5.1.tgz. Extracting by manifest.
85 silly tarball no local data for @fastify/busboy@https://registry.npmjs.org/@fastify/busboy/-/busboy-2.1.0.tgz. Extracting by manifest.
86 silly tarball no local data for @sapphire/shapeshift@https://registry.npmjs.org/@sapphire/shapeshift/-/shapeshift-3.9.5.tgz. Extracting by manifest.
87 silly tarball no local data for @discordjs/ws@https://registry.npmjs.org/@discordjs/ws/-/ws-1.0.2.tgz. Extracting by manifest.
88 silly tarball no local data for @discordjs/util@https://registry.npmjs.org/@discordjs/util/-/util-1.0.2.tgz. Extracting by manifest.
89 silly tarball no local data for @discordjs/rest@https://registry.npmjs.org/@discordjs/rest/-/rest-2.2.0.tgz. Extracting by manifest.
90 silly tarball no local data for @discordjs/formatters@https://registry.npmjs.org/@discordjs/formatters/-/formatters-0.3.3.tgz. Extracting by manifest.
91 silly tarball no local data for @discordjs/collection@https://registry.npmjs.org/@discordjs/collection/-/collection-1.5.3.tgz. Extracting by manifest.
92 silly tarball no local data for @discordjs/builders@https://registry.npmjs.org/@discordjs/builders/-/builders-1.7.0.tgz. Extracting by manifest.
93 silly tarball no local data for @derockdev/discord-components-core@https://registry.npmjs.org/@derockdev/discord-components-core/-/discord-components-core-3.6.1.tgz. Extracting by manifest.
94 silly tarball no local data for @derockdev/discord-components-react@https://registry.npmjs.org/@derockdev/discord-components-react/-/discord-components-react-3.6.1.tgz. Extracting by manifest.
95 silly tarball no local data for @discordjs/collection@https://registry.npmjs.org/@discordjs/collection/-/collection-2.0.0.tgz. Extracting by manifest.
96 silly tarball no local data for @discordjs/collection@https://registry.npmjs.org/@discordjs/collection/-/collection-2.0.0.tgz. Extracting by manifest.
97 silly tarball no local data for jsonfile@https://registry.npmjs.org/jsonfile/-/jsonfile-4.0.0.tgz. Extracting by manifest.
98 http fetch POST 200 https://registry.npmjs.org/-/npm/v1/security/advisories/bulk 402ms
99 timing auditReport:getReport Completed in 405ms
100 silly audit report {}
101 timing auditReport:init Completed in 0ms
102 timing reify:audit Completed in 406ms
103 http fetch GET 200 https://registry.npmjs.org/fast-deep-equal/-/fast-deep-equal-3.1.3.tgz 1106ms (cache miss)
104 timing reifyNode:node_modules/fast-deep-equal Completed in 1274ms
105 http fetch GET 200 https://registry.npmjs.org/clsx/-/clsx-1.2.1.tgz 1100ms (cache miss)
106 timing reifyNode:node_modules/clsx Completed in 1275ms
107 http fetch GET 200 https://registry.npmjs.org/universalify/-/universalify-0.1.2.tgz 1130ms (cache miss)
108 timing reifyNode:node_modules/universalify Completed in 1282ms
109 http fetch GET 200 https://registry.npmjs.org/twemoji-parser/-/twemoji-parser-14.0.0.tgz 1128ms (cache miss)
110 timing reifyNode:node_modules/twemoji-parser Completed in 1282ms
111 http fetch GET 200 https://registry.npmjs.org/lodash.snakecase/-/lodash.snakecase-4.1.1.tgz 1173ms (cache miss)
112 timing reifyNode:node_modules/lodash.snakecase Completed in 1332ms
113 http fetch GET 200 https://registry.npmjs.org/jsonfile/-/jsonfile-5.0.0.tgz 1170ms (cache miss)
114 timing reifyNode:node_modules/jsonfile Completed in 1333ms
115 http fetch GET 200 https://registry.npmjs.org/loose-envify/-/loose-envify-1.4.0.tgz 1170ms (cache miss)
116 timing reifyNode:node_modules/loose-envify Completed in 1335ms
117 http fetch GET 200 https://registry.npmjs.org/@types/prop-types/-/prop-types-15.7.11.tgz 1155ms (cache miss)
118 timing reifyNode:node_modules/@types/prop-types Completed in 1337ms
119 http fetch GET 200 https://registry.npmjs.org/@types/scheduler/-/scheduler-0.16.8.tgz 1158ms (cache miss)
120 timing reifyNode:node_modules/@types/scheduler Completed in 1337ms
121 http fetch GET 200 https://registry.npmjs.org/js-tokens/-/js-tokens-4.0.0.tgz 1181ms (cache miss)
122 timing reifyNode:node_modules/js-tokens Completed in 1344ms
123 http fetch GET 200 https://registry.npmjs.org/graceful-fs/-/graceful-fs-4.2.11.tgz 1183ms (cache miss)
124 timing reifyNode:node_modules/graceful-fs Completed in 1349ms
125 http fetch GET 200 https://registry.npmjs.org/jsonfile/-/jsonfile-4.0.0.tgz 1153ms (cache miss)
126 timing reifyNode:node_modules/fs-extra/node_modules/jsonfile Completed in 1357ms
127 http fetch GET 200 https://registry.npmjs.org/ws/-/ws-8.14.2.tgz 1216ms (cache miss)
128 http fetch GET 200 https://registry.npmjs.org/@types/ws/-/ws-8.5.9.tgz 1194ms (cache miss)
129 timing reifyNode:node_modules/@types/ws Completed in 1371ms
130 http fetch GET 200 https://registry.npmjs.org/hex-to-rgba/-/hex-to-rgba-2.0.1.tgz 1211ms (cache miss)
131 timing reifyNode:node_modules/hex-to-rgba Completed in 1374ms
132 http fetch GET 200 https://registry.npmjs.org/@sapphire/async-queue/-/async-queue-1.5.1.tgz 1195ms (cache miss)
133 timing reifyNode:node_modules/ws Completed in 1384ms
134 http fetch GET 200 https://registry.npmjs.org/@discordjs/util/-/util-1.0.2.tgz 1246ms (cache miss)
135 timing reifyNode:node_modules/@discordjs/util Completed in 1435ms
136 timing reifyNode:node_modules/@sapphire/async-queue Completed in 1436ms
137 http fetch GET 200 https://registry.npmjs.org/@sapphire/snowflake/-/snowflake-3.5.1.tgz 1279ms (cache miss)
138 timing reifyNode:node_modules/@sapphire/snowflake Completed in 1462ms
139 http fetch GET 200 https://registry.npmjs.org/scheduler/-/scheduler-0.23.0.tgz 1325ms (cache miss)
140 timing reifyNode:node_modules/scheduler Completed in 1481ms
141 http fetch GET 200 https://registry.npmjs.org/tslib/-/tslib-2.6.2.tgz 1324ms (cache miss)
142 timing reifyNode:node_modules/tslib Completed in 1481ms
143 http fetch GET 200 https://registry.npmjs.org/simple-markdown/-/simple-markdown-0.7.3.tgz 1399ms (cache miss)
144 timing reifyNode:node_modules/simple-markdown Completed in 1554ms
145 http fetch GET 200 https://registry.npmjs.org/magic-bytes.js/-/magic-bytes.js-1.8.0.tgz 1398ms (cache miss)
146 timing reifyNode:node_modules/magic-bytes.js Completed in 1633ms
147 http fetch GET 200 https://registry.npmjs.org/@discordjs/collection/-/collection-2.0.0.tgz 1439ms (cache miss)
148 timing reifyNode:node_modules/@discordjs/ws/node_modules/@discordjs/collection Completed in 1640ms
149 http fetch GET 200 https://registry.npmjs.org/@discordjs/collection/-/collection-2.0.0.tgz 1446ms (cache miss)
150 timing reifyNode:node_modules/@discordjs/rest/node_modules/@discordjs/collection Completed in 1648ms
151 http fetch GET 200 https://registry.npmjs.org/@discordjs/formatters/-/formatters-0.3.3.tgz 1457ms (cache miss)
152 timing reifyNode:node_modules/@discordjs/formatters Completed in 1649ms
153 http fetch GET 200 https://registry.npmjs.org/twemoji/-/twemoji-14.0.2.tgz 1498ms (cache miss)
154 timing reifyNode:node_modules/twemoji Completed in 1658ms
155 http fetch GET 200 https://registry.npmjs.org/@discordjs/collection/-/collection-1.5.3.tgz 1478ms (cache miss)
156 timing reifyNode:node_modules/@discordjs/collection Completed in 1670ms
157 http fetch GET 200 https://registry.npmjs.org/ts-mixer/-/ts-mixer-6.0.3.tgz 1592ms (cache miss)
158 timing reifyNode:node_modules/ts-mixer Completed in 1747ms
159 http fetch GET 200 https://registry.npmjs.org/undici-types/-/undici-types-5.26.5.tgz 1596ms (cache miss)
160 timing reifyNode:node_modules/undici-types Completed in 1749ms
161 http fetch GET 200 https://registry.npmjs.org/@fastify/busboy/-/busboy-2.1.0.tgz 1564ms (cache miss)
162 timing reifyNode:node_modules/@fastify/busboy Completed in 1749ms
163 http fetch GET 200 https://registry.npmjs.org/@vladfrangu/async_event_emitter/-/async_event_emitter-2.2.4.tgz 1583ms (cache miss)
164 timing reifyNode:node_modules/@vladfrangu/async_event_emitter Completed in 1758ms
165 http fetch GET 200 https://registry.npmjs.org/@derockdev/discord-components-react/-/discord-components-react-3.6.1.tgz 1572ms (cache miss)
166 timing reifyNode:node_modules/@derockdev/discord-components-react Completed in 1768ms
167 http fetch GET 200 https://registry.npmjs.org/discord-markdown-parser/-/discord-markdown-parser-1.1.0.tgz 1663ms (cache miss)
168 timing reifyNode:node_modules/discord-markdown-parser Completed in 1845ms
169 http fetch GET 200 https://registry.npmjs.org/react/-/react-18.2.0.tgz 1690ms (cache miss)
170 timing reifyNode:node_modules/react Completed in 1848ms
171 http fetch GET 200 https://registry.npmjs.org/@types/react/-/react-18.2.47.tgz 1672ms (cache miss)
172 timing reifyNode:node_modules/@types/react Completed in 1850ms
173 http fetch GET 200 https://registry.npmjs.org/@discordjs/builders/-/builders-1.7.0.tgz 1663ms (cache miss)
174 timing reifyNode:node_modules/@discordjs/builders Completed in 1857ms
175 http fetch GET 200 https://registry.npmjs.org/fs-extra/-/fs-extra-8.1.0.tgz 1719ms (cache miss)
176 timing reifyNode:node_modules/fs-extra Completed in 1886ms
177 http fetch GET 200 https://registry.npmjs.org/discord-html-transcripts/-/discord-html-transcripts-3.2.0.tgz 1720ms (cache miss)
178 timing reifyNode:node_modules/discord-html-transcripts Completed in 1891ms
179 http fetch GET 200 https://registry.npmjs.org/@discordjs/ws/-/ws-1.0.2.tgz 1766ms (cache miss)
180 timing reifyNode:node_modules/@discordjs/ws Completed in 1954ms
181 http fetch GET 200 https://registry.npmjs.org/@discordjs/rest/-/rest-2.2.0.tgz 1780ms (cache miss)
182 timing reifyNode:node_modules/@discordjs/rest Completed in 2032ms
183 http fetch GET 200 https://registry.npmjs.org/csstype/-/csstype-3.1.3.tgz 1863ms (cache miss)
184 timing reifyNode:node_modules/csstype Completed in 2035ms
185 http fetch GET 200 https://registry.npmjs.org/@sapphire/shapeshift/-/shapeshift-3.9.5.tgz 1874ms (cache miss)
186 timing reifyNode:node_modules/@sapphire/shapeshift Completed in 2061ms
187 http fetch GET 200 https://registry.npmjs.org/undici/-/undici-5.27.2.tgz 2507ms (cache miss)
188 timing reifyNode:node_modules/undici Completed in 2661ms
189 http fetch GET 200 https://registry.npmjs.org/react-dom/-/react-dom-18.2.0.tgz 2607ms (cache miss)
190 timing reifyNode:node_modules/react-dom Completed in 2764ms
191 http fetch GET 200 https://registry.npmjs.org/@types/node/-/node-20.11.0.tgz 2763ms (cache miss)
192 timing reifyNode:node_modules/@types/node Completed in 2947ms
193 http fetch GET 200 https://registry.npmjs.org/discord.js/-/discord.js-14.14.1.tgz 2892ms (cache miss)
194 timing reifyNode:node_modules/discord.js Completed in 3061ms
195 http fetch GET 200 https://registry.npmjs.org/lodash/-/lodash-4.17.21.tgz 3616ms (cache miss)
196 timing reifyNode:node_modules/lodash Completed in 3779ms
197 http fetch GET 200 https://registry.npmjs.org/discord-api-types/-/discord-api-types-0.37.61.tgz 3786ms (cache miss)
198 timing reifyNode:node_modules/discord-api-types Completed in 3957ms
199 http fetch GET 200 https://registry.npmjs.org/@derockdev/discord-components-core/-/discord-components-core-3.6.1.tgz 3939ms (cache miss)
200 timing reifyNode:node_modules/@derockdev/discord-components-core Completed in 4135ms
201 http fetch GET 200 https://registry.npmjs.org/highlight.js/-/highlight.js-11.9.0.tgz 4097ms (cache miss)
202 timing reifyNode:node_modules/highlight.js Completed in 4259ms
203 http fetch GET 200 https://registry.npmjs.org/@stencil/core/-/core-3.4.2.tgz 4300ms (cache miss)
204 timing reifyNode:node_modules/@stencil/core Completed in 4483ms
205 timing reify:unpack Completed in 4485ms
206 timing reify:unretire Completed in 0ms
207 timing build:queue Completed in 1ms
208 timing build:link:node_modules/@stencil/core Completed in 2ms
209 timing build:link:node_modules/loose-envify Completed in 2ms
210 timing build:link Completed in 2ms
211 timing build:deps Completed in 4ms
212 timing build Completed in 5ms
213 timing reify:build Completed in 6ms
214 timing reify:trash Completed in 0ms
215 timing reify:save Completed in 55ms
216 timing reify Completed in 4701ms
217 silly ADD node_modules/ws
218 silly ADD node_modules/universalify
219 silly ADD node_modules/undici-types
220 silly ADD node_modules/undici
221 silly ADD node_modules/twemoji-parser
222 silly ADD node_modules/twemoji
223 silly ADD node_modules/tslib
224 silly ADD node_modules/ts-mixer
225 silly ADD node_modules/simple-markdown
226 silly ADD node_modules/scheduler
227 silly ADD node_modules/react-dom
228 silly ADD node_modules/react
229 silly ADD node_modules/magic-bytes.js
230 silly ADD node_modules/loose-envify
231 silly ADD node_modules/lodash.snakecase
232 silly ADD node_modules/lodash
233 silly ADD node_modules/jsonfile
234 silly ADD node_modules/js-tokens
235 silly ADD node_modules/highlight.js
236 silly ADD node_modules/hex-to-rgba
237 silly ADD node_modules/graceful-fs
238 silly ADD node_modules/fs-extra
239 silly ADD node_modules/fs-extra/node_modules/jsonfile
240 silly ADD node_modules/fast-deep-equal
241 silly ADD node_modules/discord.js
242 silly ADD node_modules/discord-markdown-parser
243 silly ADD node_modules/discord-html-transcripts
244 silly ADD node_modules/discord-api-types
245 silly ADD node_modules/csstype
246 silly ADD node_modules/clsx
247 silly ADD node_modules/@vladfrangu/async_event_emitter
248 silly ADD node_modules/@types/ws
249 silly ADD node_modules/@types/scheduler
250 silly ADD node_modules/@types/react
251 silly ADD node_modules/@types/prop-types
252 silly ADD node_modules/@types/node
253 silly ADD node_modules/@stencil/core
254 silly ADD node_modules/@sapphire/snowflake
255 silly ADD node_modules/@sapphire/shapeshift
256 silly ADD node_modules/@sapphire/async-queue
257 silly ADD node_modules/@fastify/busboy
258 silly ADD node_modules/@discordjs/ws
259 silly ADD node_modules/@discordjs/ws/node_modules/@discordjs/collection
260 silly ADD node_modules/@discordjs/util
261 silly ADD node_modules/@discordjs/rest
262 silly ADD node_modules/@discordjs/rest/node_modules/@discordjs/collection
263 silly ADD node_modules/@discordjs/formatters
264 silly ADD node_modules/@discordjs/collection
265 silly ADD node_modules/@discordjs/builders
266 silly ADD node_modules/@derockdev/discord-components-react
267 silly ADD node_modules/@derockdev/discord-components-core
268 timing command:install Completed in 4711ms
269 notice
269 notice New [33mminor[39m version of npm available! [31m10.2.5[39m -> [32m10.3.0[39m
269 notice Changelog: [36mhttps://github.com/npm/cli/releases/tag/v10.3.0[39m
269 notice Run [32mnpm install -g npm@10.3.0[39m to update!
269 notice
270 verbose exit 0
271 timing npm Completed in 5013ms
272 info ok
