0 verbose cli /usr/local/bin/node /usr/local/bin/npm
1 info using npm@10.2.5
2 info using node@v20.10.0
3 timing npm:load:whichnode Completed in 1ms
4 timing config:load:defaults Completed in 2ms
5 timing config:load:file:/usr/local/lib/node_modules/npm/npmrc Completed in 0ms
6 timing config:load:builtin Completed in 0ms
7 timing config:load:cli Completed in 2ms
8 timing config:load:env Completed in 0ms
9 timing config:load:project Completed in 1ms
10 timing config:load:file:/home/container/.npmrc Completed in 1ms
11 timing config:load:user Completed in 1ms
12 timing config:load:file:/usr/local/etc/npmrc Completed in 0ms
13 timing config:load:global Completed in 0ms
14 timing config:load:setEnvs Completed in 1ms
15 timing config:load Completed in 7ms
16 timing npm:load:configload Completed in 7ms
17 timing config:load:flatten Completed in 2ms
18 timing npm:load:mkdirpcache Completed in 0ms
19 timing npm:load:mkdirplogs Completed in 0ms
20 verbose title npm install
21 verbose argv "install"
22 timing npm:load:setTitle Completed in 1ms
23 timing npm:load:display Completed in 0ms
24 verbose logfile logs-max:10 dir:/home/container/.npm/_logs/2024-01-14T12_54_31_185Z-
25 verbose logfile /home/container/.npm/_logs/2024-01-14T12_54_31_185Z-debug-0.log
26 timing npm:load:logFile Completed in 7ms
27 timing npm:load:timers Completed in 0ms
28 timing npm:load:configScope Completed in 0ms
29 timing npm:load Completed in 31ms
30 timing arborist:ctor Completed in 1ms
31 silly logfile done cleaning log files
32 timing idealTree:init Completed in 37ms
33 timing idealTree:userRequests Completed in 0ms
34 silly idealTree buildDeps
35 timing idealTree:#root Completed in 0ms
36 timing idealTree:buildDeps Completed in 1ms
37 timing idealTree:fixDepFlags Completed in 0ms
38 timing idealTree Completed in 40ms
39 timing arborist:ctor Completed in 0ms
40 timing reify:loadTrees Completed in 56ms
41 timing reify:diffTrees Completed in 3ms
42 silly reify moves {}
43 timing reify:retireShallow Completed in 3ms
44 timing reify:createSparse Completed in 0ms
45 timing reify:loadBundles Completed in 0ms
46 silly audit bulk request {
46 silly audit   '@derockdev/discord-components-core': [ '3.6.1' ],
46 silly audit   '@derockdev/discord-components-react': [ '3.6.1' ],
46 silly audit   '@discordjs/builders': [ '1.7.0' ],
46 silly audit   '@discordjs/collection': [ '1.5.3', '2.0.0' ],
46 silly audit   '@discordjs/formatters': [ '0.3.3' ],
46 silly audit   '@discordjs/rest': [ '2.2.0' ],
46 silly audit   '@discordjs/util': [ '1.0.2' ],
46 silly audit   '@discordjs/ws': [ '1.0.2' ],
46 silly audit   '@fastify/busboy': [ '2.1.0' ],
46 silly audit   '@sapphire/async-queue': [ '1.5.1' ],
46 silly audit   '@sapphire/shapeshift': [ '3.9.5' ],
46 silly audit   '@sapphire/snowflake': [ '3.5.1' ],
46 silly audit   '@stencil/core': [ '3.4.2' ],
46 silly audit   '@types/node': [ '20.11.0' ],
46 silly audit   '@types/prop-types': [ '15.7.11' ],
46 silly audit   '@types/react': [ '18.2.47' ],
46 silly audit   '@types/scheduler': [ '0.16.8' ],
46 silly audit   '@types/ws': [ '8.5.9' ],
46 silly audit   '@vladfrangu/async_event_emitter': [ '2.2.4' ],
46 silly audit   clsx: [ '1.2.1' ],
46 silly audit   csstype: [ '3.1.3' ],
46 silly audit   'discord-api-types': [ '0.37.61' ],
46 silly audit   'discord-html-transcripts': [ '3.2.0' ],
46 silly audit   'discord-markdown-parser': [ '1.1.0' ],
46 silly audit   'discord.js': [ '14.14.1' ],
46 silly audit   'fast-deep-equal': [ '3.1.3' ],
46 silly audit   'fs-extra': [ '8.1.0' ],
46 silly audit   jsonfile: [ '4.0.0', '5.0.0' ],
46 silly audit   'graceful-fs': [ '4.2.11' ],
46 silly audit   'hex-to-rgba': [ '2.0.1' ],
46 silly audit   'highlight.js': [ '11.9.0' ],
46 silly audit   'js-tokens': [ '4.0.0' ],
46 silly audit   lodash: [ '4.17.21' ],
46 silly audit   'lodash.snakecase': [ '4.1.1' ],
46 silly audit   'loose-envify': [ '1.4.0' ],
46 silly audit   'magic-bytes.js': [ '1.8.0' ],
46 silly audit   react: [ '18.2.0' ],
46 silly audit   'react-dom': [ '18.2.0' ],
46 silly audit   scheduler: [ '0.23.0' ],
46 silly audit   'simple-markdown': [ '0.7.3' ],
46 silly audit   'ts-mixer': [ '6.0.3' ],
46 silly audit   tslib: [ '2.6.2' ],
46 silly audit   twemoji: [ '14.0.2' ],
46 silly audit   'twemoji-parser': [ '14.0.0' ],
46 silly audit   undici: [ '5.27.2' ],
46 silly audit   'undici-types': [ '5.26.5' ],
46 silly audit   universalify: [ '0.1.2' ],
46 silly audit   ws: [ '8.14.2' ]
46 silly audit }
47 timing reify:unpack Completed in 26ms
48 timing reify:unretire Completed in 26ms
49 timing build:queue Completed in 0ms
50 timing build:deps Completed in 0ms
51 timing build Completed in 0ms
52 timing reify:build Completed in 1ms
53 timing reify:trash Completed in 0ms
54 timing reify:save Completed in 19ms
55 http fetch POST 200 https://registry.npmjs.org/-/npm/v1/security/advisories/bulk 199ms
56 timing auditReport:getReport Completed in 201ms
57 silly audit report {}
58 timing auditReport:init Completed in 0ms
59 timing reify:audit Completed in 203ms
60 timing reify Completed in 270ms
61 timing command:install Completed in 298ms
62 verbose exit 0
63 timing npm Completed in 542ms
64 info ok
